<?xml version="1.0" encoding="UTF-8"?>
<testsuite name="SphereKtTest" tests="4" skipped="0" failures="0" errors="0" timestamp="2022-05-15T13:47:42" hostname="Monicas-MBP-2.lan" time="0.022">
  <properties/>
  <testcase name="spherePointToUv()" classname="SphereKtTest" time="0.006"/>
  <testcase name="testHit()" classname="SphereKtTest" time="0.015"/>
  <testcase name="sphereNormal()" classname="SphereKtTest" time="0.0"/>
  <testcase name="testTransformation()" classname="SphereKtTest" time="0.0"/>
  <system-out><![CDATA[]]></system-out>
  <system-err><![CDATA[]]></system-err>
</testsuite>
