<?xml version="1.0" encoding="UTF-8"?>
<testsuite name="PCGTest" tests="1" skipped="0" failures="0" errors="0" timestamp="2022-05-13T13:51:23" hostname="Monicas-MacBook-Pro-2.local" time="0.014">
  <properties/>
  <testcase name="TestRandom()" classname="PCGTest" time="0.014"/>
  <system-out><![CDATA[]]></system-out>
  <system-err><![CDATA[]]></system-err>
</testsuite>
