<?xml version="1.0" encoding="UTF-8"?>
<testsuite name="VecTest" tests="10" skipped="0" failures="0" errors="0" timestamp="2022-05-07T10:27:30" hostname="Monicas-MBP-2.lan" time="0.012">
  <properties/>
  <testcase name="testTimes()" classname="VecTest" time="0.008"/>
  <testcase name="vecall()" classname="VecTest" time="0.001"/>
  <testcase name="neg()" classname="VecTest" time="0.0"/>
  <testcase name="norm()" classname="VecTest" time="0.0"/>
  <testcase name="plus()" classname="VecTest" time="0.0"/>
  <testcase name="cross()" classname="VecTest" time="0.0"/>
  <testcase name="minus()" classname="VecTest" time="0.0"/>
  <testcase name="times()" classname="VecTest" time="0.0"/>
  <testcase name="normalize()" classname="VecTest" time="0.0"/>
  <testcase name="squaredNorm()" classname="VecTest" time="0.0"/>
  <system-out><![CDATA[]]></system-out>
  <system-err><![CDATA[]]></system-err>
</testsuite>
