<?xml version="1.0" encoding="UTF-8"?>
<testsuite name="CameraTest" tests="4" skipped="0" failures="0" errors="0" timestamp="2022-05-15T21:01:38" hostname="Monicas-MBP-2.lan" time="0.023">
  <properties/>
  <testcase name="TestOrthogonalTrans()" classname="CameraTest" time="0.019"/>
  <testcase name="TestPerspective()" classname="CameraTest" time="0.002"/>
  <testcase name="TestOrthogonal()" classname="CameraTest" time="0.001"/>
  <testcase name="TestPerspectiveTrans()" classname="CameraTest" time="0.0"/>
  <system-out><![CDATA[]]></system-out>
  <system-err><![CDATA[]]></system-err>
</testsuite>
